# JRE version: OpenJDK Runtime Environment Temurin-21.0.9+10 (21.0.9+10) (build 21.0.9+10-LTS)
# Java VM: OpenJDK 64-Bit Server VM Temurin-21.0.9+10 (21.0.9+10-LTS, mixed mode, sharing, tiered, compressed oops, compressed class ptrs, parallel gc, windows-amd64)
GC Precious Log:
 CardTable entry size: 512
 CPUs: 12 total, 12 available
 Memory: 16088M
 Large Page Support: Disabled
 NUMA Support: Disabled
 Compressed Oops: Enabled (32-bit)
 Alignments: Space 512K, Generation 512K, Heap 2M
 Heap Min Capacity: 100M
 Heap Initial Capacity: 100M
 Heap Max Capacity: 2G
 Pre-touch: Disabled
 Parallel Workers: 10
Heap:
 PSYoungGen      total 3072K, used 2262K [0x00000000d5580000, 0x00000000d5b00000, 0x0000000100000000)
  eden space 1536K, 77% used [0x00000000d5580000,0x00000000d56a98b8,0x00000000d5700000)
  from space 1536K, 69% used [0x00000000d5980000,0x00000000d5a8c000,0x00000000d5b00000)
  to   space 1536K, 0% used [0x00000000d5800000,0x00000000d5800000,0x00000000d5980000)
 ParOldGen       total 614400K, used 614211K [0x0000000080000000, 0x00000000a5800000, 0x00000000d5580000)
  object space 614400K, 99% used [0x0000000080000000,0x00000000a57d0c20,0x00000000a5800000)
 Metaspace       used 65324K, committed 66624K, reserved 1114112K
  class space    used 6943K, committed 7488K, reserved 1048576K
GC Heap History (20 events):
Event: 1863.033 GC heap before
{Heap before GC invocations=612 (full 3):
 PSYoungGen      total 4608K, used 4534K [0x00000000d5580000, 0x00000000d5c80000, 0x0000000100000000)
  eden space 2560K, 100% used [0x00000000d5580000,0x00000000d5800000,0x00000000d5800000)
  from space 2048K, 96% used [0x00000000d5a00000,0x00000000d5beda80,0x00000000d5c00000)
  to   space 2048K, 0% used [0x00000000d5800000,0x00000000d5800000,0x00000000d5a00000)
 ParOldGen       total 596480K, used 596133K [0x0000000080000000, 0x00000000a4680000, 0x00000000d5580000)
  object space 596480K, 99% used [0x0000000080000000,0x00000000a4629660,0x00000000a4680000)
 Metaspace       used 65176K, committed 66432K, reserved 1114112K
  class space    used 6940K, committed 7488K, reserved 1048576K
}
Event: 1863.037 GC heap after
{Heap after GC invocations=612 (full 3):
 PSYoungGen      total 4608K, used 2048K [0x00000000d5580000, 0x00000000d6180000, 0x0000000100000000)
  eden space 2560K, 0% used [0x00000000d5580000,0x00000000d5580000,0x00000000d5800000)
  from space 2048K, 100% used [0x00000000d5800000,0x00000000d5a00000,0x00000000d5a00000)
  to   space 4608K, 0% used [0x00000000d5d00000,0x00000000d5d00000,0x00000000d6180000)
 ParOldGen       total 598528K, used 598265K [0x0000000080000000, 0x00000000a4880000, 0x00000000d5580000)
  object space 598528K, 99% used [0x0000000080000000,0x00000000a483e610,0x00000000a4880000)
 Metaspace       used 65176K, committed 66432K, reserved 1114112K
  class space    used 6940K, committed 7488K, reserved 1048576K
}
Event: 1863.093 GC heap before
{Heap before GC invocations=613 (full 3):
 PSYoungGen      total 4608K, used 4608K [0x00000000d5580000, 0x00000000d6180000, 0x0000000100000000)
  eden space 2560K, 100% used [0x00000000d5580000,0x00000000d5800000,0x00000000d5800000)
  from space 2048K, 100% used [0x00000000d5800000,0x00000000d5a00000,0x00000000d5a00000)
  to   space 4608K, 0% used [0x00000000d5d00000,0x00000000d5d00000,0x00000000d6180000)
 ParOldGen       total 598528K, used 598265K [0x0000000080000000, 0x00000000a4880000, 0x00000000d5580000)
  object space 598528K, 99% used [0x0000000080000000,0x00000000a483e610,0x00000000a4880000)
 Metaspace       used 65196K, committed 66496K, reserved 1114112K
  class space    used 6940K, committed 7488K, reserved 1048576K
}
Event: 1863.099 GC heap after
{Heap after GC invocations=613 (full 3):
 PSYoungGen      total 4608K, used 1648K [0x00000000d5580000, 0x00000000d5f00000, 0x0000000100000000)
  eden space 2560K, 0% used [0x00000000d5580000,0x00000000d5580000,0x00000000d5800000)
  from space 2048K, 80% used [0x00000000d5d00000,0x00000000d5e9c000,0x00000000d5f00000)
  to   space 3072K, 0% used [0x00000000d5900000,0x00000000d5900000,0x00000000d5c00000)
 ParOldGen       total 600576K, used 600349K [0x0000000080000000, 0x00000000a4a80000, 0x00000000d5580000)
  object space 600576K, 99% used [0x0000000080000000,0x00000000a4a47620,0x00000000a4a80000)
 Metaspace       used 65196K, committed 66496K, reserved 1114112K
  class space    used 6940K, committed 7488K, reserved 1048576K
}
Event: 1863.193 GC heap before
{Heap before GC invocations=614 (full 3):
 PSYoungGen      total 4608K, used 4208K [0x00000000d5580000, 0x00000000d5f00000, 0x0000000100000000)
  eden space 2560K, 100% used [0x00000000d5580000,0x00000000d5800000,0x00000000d5800000)
  from space 2048K, 80% used [0x00000000d5d00000,0x00000000d5e9c000,0x00000000d5f00000)
  to   space 3072K, 0% used [0x00000000d5900000,0x00000000d5900000,0x00000000d5c00000)
 ParOldGen       total 600576K, used 600349K [0x0000000080000000, 0x00000000a4a80000, 0x00000000d5580000)
  object space 600576K, 99% used [0x0000000080000000,0x00000000a4a47620,0x00000000a4a80000)
 Metaspace       used 65246K, committed 66560K, reserved 1114112K
  class space    used 6940K, committed 7488K, reserved 1048576K
}
Event: 1863.197 GC heap after
{Heap after GC invocations=614 (full 3):
 PSYoungGen      total 5632K, used 1088K [0x00000000d5580000, 0x00000000d5d80000, 0x0000000100000000)
  eden space 2560K, 0% used [0x00000000d5580000,0x00000000d5580000,0x00000000d5800000)
  from space 3072K, 35% used [0x00000000d5900000,0x00000000d5a10000,0x00000000d5c00000)
  to   space 1536K, 0% used [0x00000000d5c00000,0x00000000d5c00000,0x00000000d5d80000)
 ParOldGen       total 602112K, used 601898K [0x0000000080000000, 0x00000000a4c00000, 0x00000000d5580000)
  object space 602112K, 99% used [0x0000000080000000,0x00000000a4bcab40,0x00000000a4c00000)
 Metaspace       used 65246K, committed 66560K, reserved 1114112K
  class space    used 6940K, committed 7488K, reserved 1048576K
}
Event: 1868.150 GC heap before
{Heap before GC invocations=615 (full 3):
 PSYoungGen      total 5632K, used 3648K [0x00000000d5580000, 0x00000000d5d80000, 0x0000000100000000)
  eden space 2560K, 100% used [0x00000000d5580000,0x00000000d5800000,0x00000000d5800000)
  from space 3072K, 35% used [0x00000000d5900000,0x00000000d5a10000,0x00000000d5c00000)
  to   space 1536K, 0% used [0x00000000d5c00000,0x00000000d5c00000,0x00000000d5d80000)
 ParOldGen       total 602112K, used 601898K [0x0000000080000000, 0x00000000a4c00000, 0x00000000d5580000)
  object space 602112K, 99% used [0x0000000080000000,0x00000000a4bcab40,0x00000000a4c00000)
 Metaspace       used 65276K, committed 66560K, reserved 1114112K
  class space    used 6941K, committed 7488K, reserved 1048576K
}
Event: 1868.153 GC heap after
{Heap after GC invocations=615 (full 3):
 PSYoungGen      total 4096K, used 1133K [0x00000000d5580000, 0x00000000d5d80000, 0x0000000100000000)
  eden space 2560K, 0% used [0x00000000d5580000,0x00000000d5580000,0x00000000d5800000)
  from space 1536K, 73% used [0x00000000d5c00000,0x00000000d5d1b510,0x00000000d5d80000)
  to   space 1536K, 0% used [0x00000000d5a80000,0x00000000d5a80000,0x00000000d5c00000)
 ParOldGen       total 603136K, used 602863K [0x0000000080000000, 0x00000000a4d00000, 0x00000000d5580000)
  object space 603136K, 99% used [0x0000000080000000,0x00000000a4cbbdc0,0x00000000a4d00000)
 Metaspace       used 65276K, committed 66560K, reserved 1114112K
  class space    used 6941K, committed 7488K, reserved 1048576K
}
Event: 1868.207 GC heap before
{Heap before GC invocations=616 (full 3):
 PSYoungGen      total 4096K, used 3693K [0x00000000d5580000, 0x00000000d5d80000, 0x0000000100000000)
  eden space 2560K, 100% used [0x00000000d5580000,0x00000000d5800000,0x00000000d5800000)
  from space 1536K, 73% used [0x00000000d5c00000,0x00000000d5d1b510,0x00000000d5d80000)
  to   space 1536K, 0% used [0x00000000d5a80000,0x00000000d5a80000,0x00000000d5c00000)
 ParOldGen       total 603136K, used 602863K [0x0000000080000000, 0x00000000a4d00000, 0x00000000d5580000)
  object space 603136K, 99% used [0x0000000080000000,0x00000000a4cbbdc0,0x00000000a4d00000)
 Metaspace       used 65276K, committed 66560K, reserved 1114112K
  class space    used 6941K, committed 7488K, reserved 1048576K
}
Event: 1868.210 GC heap after
{Heap after GC invocations=616 (full 3):
 PSYoungGen      total 4096K, used 1514K [0x00000000d5580000, 0x00000000d6000000, 0x0000000100000000)
  eden space 2560K, 0% used [0x00000000d5580000,0x00000000d5580000,0x00000000d5800000)
  from space 1536K, 98% used [0x00000000d5a80000,0x00000000d5bfa9d0,0x00000000d5c00000)
  to   space 4096K, 0% used [0x00000000d5c00000,0x00000000d5c00000,0x00000000d6000000)
 ParOldGen       total 604672K, used 604589K [0x0000000080000000, 0x00000000a4e80000, 0x00000000d5580000)
  object space 604672K, 99% used [0x0000000080000000,0x00000000a4e6b7b0,0x00000000a4e80000)
 Metaspace       used 65276K, committed 66560K, reserved 1114112K
  class space    used 6941K, committed 7488K, reserved 1048576K
}
Event: 1868.218 GC heap before
{Heap before GC invocations=617 (full 3):
 PSYoungGen      total 4096K, used 4074K [0x00000000d5580000, 0x00000000d6000000, 0x0000000100000000)
  eden space 2560K, 100% used [0x00000000d5580000,0x00000000d5800000,0x00000000d5800000)
  from space 1536K, 98% used [0x00000000d5a80000,0x00000000d5bfa9d0,0x00000000d5c00000)
  to   space 4096K, 0% used [0x00000000d5c00000,0x00000000d5c00000,0x00000000d6000000)
 ParOldGen       total 604672K, used 604589K [0x0000000080000000, 0x00000000a4e80000, 0x00000000d5580000)
  object space 604672K, 99% used [0x0000000080000000,0x00000000a4e6b7b0,0x00000000a4e80000)
 Metaspace       used 65276K, committed 66560K, reserved 1114112K
  class space    used 6941K, committed 7488K, reserved 1048576K
}
Event: 1868.223 GC heap after
{Heap after GC invocations=617 (full 3):
 PSYoungGen      total 5632K, used 2688K [0x00000000d5580000, 0x00000000d5f00000, 0x0000000100000000)
  eden space 2560K, 0% used [0x00000000d5580000,0x00000000d5580000,0x00000000d5800000)
  from space 3072K, 87% used [0x00000000d5c00000,0x00000000d5ea0000,0x00000000d5f00000)
  to   space 3072K, 0% used [0x00000000d5900000,0x00000000d5900000,0x00000000d5c00000)
 ParOldGen       total 606208K, used 606160K [0x0000000080000000, 0x00000000a5000000, 0x00000000d5580000)
  object space 606208K, 99% used [0x0000000080000000,0x00000000a4ff4190,0x00000000a5000000)
 Metaspace       used 65276K, committed 66560K, reserved 1114112K
  class space    used 6941K, committed 7488K, reserved 1048576K
}
Event: 1868.257 GC heap before
{Heap before GC invocations=618 (full 3):
 PSYoungGen      total 5632K, used 5248K [0x00000000d5580000, 0x00000000d5f00000, 0x0000000100000000)
  eden space 2560K, 100% used [0x00000000d5580000,0x00000000d5800000,0x00000000d5800000)
  from space 3072K, 87% used [0x00000000d5c00000,0x00000000d5ea0000,0x00000000d5f00000)
  to   space 3072K, 0% used [0x00000000d5900000,0x00000000d5900000,0x00000000d5c00000)
 ParOldGen       total 606208K, used 606160K [0x0000000080000000, 0x00000000a5000000, 0x00000000d5580000)
  object space 606208K, 99% used [0x0000000080000000,0x00000000a4ff4190,0x00000000a5000000)
 Metaspace       used 65276K, committed 66560K, reserved 1114112K
  class space    used 6941K, committed 7488K, reserved 1048576K
}
Event: 1868.262 GC heap after
{Heap after GC invocations=618 (full 3):
 PSYoungGen      total 5120K, used 2092K [0x00000000d5580000, 0x00000000d5d00000, 0x0000000100000000)
  eden space 2560K, 0% used [0x00000000d5580000,0x00000000d5580000,0x00000000d5800000)
  from space 2560K, 81% used [0x00000000d5900000,0x00000000d5b0b000,0x00000000d5b80000)
  to   space 1536K, 0% used [0x00000000d5b80000,0x00000000d5b80000,0x00000000d5d00000)
 ParOldGen       total 608768K, used 608744K [0x0000000080000000, 0x00000000a5280000, 0x00000000d5580000)
  object space 608768K, 99% used [0x0000000080000000,0x00000000a527a190,0x00000000a5280000)
 Metaspace       used 65276K, committed 66560K, reserved 1114112K
  class space    used 6941K, committed 7488K, reserved 1048576K
}
Event: 1868.291 GC heap before
{Heap before GC invocations=619 (full 3):
 PSYoungGen      total 5120K, used 4652K [0x00000000d5580000, 0x00000000d5d00000, 0x0000000100000000)
  eden space 2560K, 100% used [0x00000000d5580000,0x00000000d5800000,0x00000000d5800000)
  from space 2560K, 81% used [0x00000000d5900000,0x00000000d5b0b000,0x00000000d5b80000)
  to   space 1536K, 0% used [0x00000000d5b80000,0x00000000d5b80000,0x00000000d5d00000)
 ParOldGen       total 608768K, used 608744K [0x0000000080000000, 0x00000000a5280000, 0x00000000d5580000)
  object space 608768K, 99% used [0x0000000080000000,0x00000000a527a190,0x00000000a5280000)
 Metaspace       used 65280K, committed 66560K, reserved 1114112K
  class space    used 6941K, committed 7488K, reserved 1048576K
}
Event: 1868.296 GC heap after
{Heap after GC invocations=619 (full 3):
 PSYoungGen      total 3072K, used 1510K [0x00000000d5580000, 0x00000000d6100000, 0x0000000100000000)
  eden space 1536K, 0% used [0x00000000d5580000,0x00000000d5580000,0x00000000d5700000)
  from space 1536K, 98% used [0x00000000d5b80000,0x00000000d5cf9a80,0x00000000d5d00000)
  to   space 4608K, 0% used [0x00000000d5700000,0x00000000d5700000,0x00000000d5b80000)
 ParOldGen       total 611328K, used 611204K [0x0000000080000000, 0x00000000a5500000, 0x00000000d5580000)
  object space 611328K, 99% used [0x0000000080000000,0x00000000a54e1190,0x00000000a5500000)
 Metaspace       used 65280K, committed 66560K, reserved 1114112K
  class space    used 6941K, committed 7488K, reserved 1048576K
}
Event: 1868.304 GC heap before
{Heap before GC invocations=620 (full 3):
 PSYoungGen      total 3072K, used 3046K [0x00000000d5580000, 0x00000000d6100000, 0x0000000100000000)
  eden space 1536K, 100% used [0x00000000d5580000,0x00000000d5700000,0x00000000d5700000)
  from space 1536K, 98% used [0x00000000d5b80000,0x00000000d5cf9a80,0x00000000d5d00000)
  to   space 4608K, 0% used [0x00000000d5700000,0x00000000d5700000,0x00000000d5b80000)
 ParOldGen       total 611328K, used 611204K [0x0000000080000000, 0x00000000a5500000, 0x00000000d5580000)
  object space 611328K, 99% used [0x0000000080000000,0x00000000a54e1190,0x00000000a5500000)
 Metaspace       used 65281K, committed 66560K, reserved 1114112K
  class space    used 6941K, committed 7488K, reserved 1048576K
}
Event: 1868.308 GC heap after
{Heap after GC invocations=620 (full 3):
 PSYoungGen      total 3584K, used 1568K [0x00000000d5580000, 0x00000000d5c00000, 0x0000000100000000)
  eden space 1536K, 0% used [0x00000000d5580000,0x00000000d5580000,0x00000000d5700000)
  from space 2048K, 76% used [0x00000000d5700000,0x00000000d5888000,0x00000000d5900000)
  to   space 2560K, 0% used [0x00000000d5980000,0x00000000d5980000,0x00000000d5c00000)
 ParOldGen       total 612864K, used 612763K [0x0000000080000000, 0x00000000a5680000, 0x00000000d5580000)
  object space 612864K, 99% used [0x0000000080000000,0x00000000a5666c20,0x00000000a5680000)
 Metaspace       used 65281K, committed 66560K, reserved 1114112K
  class space    used 6941K, committed 7488K, reserved 1048576K
}
Event: 1868.332 GC heap before
{Heap before GC invocations=621 (full 3):
 PSYoungGen      total 3584K, used 3103K [0x00000000d5580000, 0x00000000d5c00000, 0x0000000100000000)
  eden space 1536K, 99% used [0x00000000d5580000,0x00000000d56fffd0,0x00000000d5700000)
  from space 2048K, 76% used [0x00000000d5700000,0x00000000d5888000,0x00000000d5900000)
  to   space 2560K, 0% used [0x00000000d5980000,0x00000000d5980000,0x00000000d5c00000)
 ParOldGen       total 612864K, used 612763K [0x0000000080000000, 0x00000000a5680000, 0x00000000d5580000)
  object space 612864K, 99% used [0x0000000080000000,0x00000000a5666c20,0x00000000a5680000)
 Metaspace       used 65282K, committed 66560K, reserved 1114112K
  class space    used 6941K, committed 7488K, reserved 1048576K
}
Event: 1868.335 GC heap after
{Heap after GC invocations=621 (full 3):
 PSYoungGen      total 3072K, used 1072K [0x00000000d5580000, 0x00000000d5b00000, 0x0000000100000000)
  eden space 1536K, 0% used [0x00000000d5580000,0x00000000d5580000,0x00000000d5700000)
  from space 1536K, 69% used [0x00000000d5980000,0x00000000d5a8c000,0x00000000d5b00000)
  to   space 1536K, 0% used [0x00000000d5800000,0x00000000d5800000,0x00000000d5980000)
 ParOldGen       total 614400K, used 614211K [0x0000000080000000, 0x00000000a5800000, 0x00000000d5580000)
  object space 614400K, 99% used [0x0000000080000000,0x00000000a57d0c20,0x00000000a5800000)
 Metaspace       used 65282K, committed 66560K, reserved 1114112K
  class space    used 6941K, committed 7488K, reserved 1048576K
}

